<?xml version="1.0" encoding="utf-8" standalone="no"?>
<test-results xmlns:xsi="http://www.w3.org/2001/XMLSchema-instance" xsi:noNamespaceSchemaLocation="nunit_schema_2.5.xsd" name="Pester" total="1" errors="0" failures="0" not-run="0" inconclusive="0" ignored="0" skipped="0" invalid="0" date="2025-11-06" time="19:52:25">
  <environment os-version="6.17.1-2-cachyos" clr-version="9.0.10" nunit-version="2.5.8.0" machine-name="rig" cwd="/home/ben/vsCode" user="ben" platform="Linux" user-domain="" />
  <culture-info current-culture="en-GB" current-uiculture="en-GB" />
  <test-suite type="TestFixture" name="Pester" executed="True" result="Success" success="True" time="0.2751" asserts="0" description="Pester">
    <results>
      <test-suite type="TestFixture" name="/home/ben/vsCode/project-jit-pim/tests/PimAutomation.Tests.ps1" executed="True" result="Success" success="True" time="0.2751" asserts="0" description="/home/ben/vsCode/project-jit-pim/tests/PimAutomation.Tests.ps1">
        <results>
          <test-suite type="TestFixture" name="PimAutomation module" executed="True" result="Success" success="True" time="0.1073" asserts="0" description="PimAutomation module">
            <results>
              <test-case description="Resolve-PimRoleResourcePairs duplicates single role across multiple resources" name="PimAutomation module.Resolve-PimRoleResourcePairs duplicates single role across multiple resources" time="0.0744" asserts="0" success="True" result="Success" executed="True" />
            </results>
          </test-suite>
        </results>
      </test-suite>
    </results>
  </test-suite>
</test-results>