<?xml version="1.0" encoding="utf-8" standalone="no"?>
<test-results xmlns:xsi="http://www.w3.org/2001/XMLSchema-instance" xsi:noNamespaceSchemaLocation="nunit_schema_2.5.xsd" name="Pester" total="3" errors="0" failures="0" not-run="0" inconclusive="0" ignored="0" skipped="0" invalid="0" date="2025-11-11" time="20:32:37">
  <environment nunit-version="2.5.8.0" os-version="6.17.7-3-cachyos" user="ben" machine-name="rig" clr-version="9.0.10" cwd="/home/ben/vsCode" user-domain="" platform="Linux" />
  <culture-info current-culture="en-GB" current-uiculture="en-GB" />
  <test-suite type="TestFixture" name="Pester" executed="True" result="Success" success="True" time="0.4113" asserts="0" description="Pester">
    <results>
      <test-suite type="TestFixture" name="/home/ben/vsCode/project-workload-identity/tests/Unit/CredentialInventory.Tests.ps1" executed="True" result="Success" success="True" time="0.237" asserts="0" description="/home/ben/vsCode/project-workload-identity/tests/Unit/CredentialInventory.Tests.ps1">
        <results>
          <test-suite type="TestFixture" name="Credential Inventory Risk Logic" executed="True" result="Success" success="True" time="0.08" asserts="0" description="Credential Inventory Risk Logic">
            <results>
              <test-case description="Computes LongLived flag when lifetime &gt; 180 days" name="Credential Inventory Risk Logic.Computes LongLived flag when lifetime &gt; 180 days" time="0.0655" asserts="0" success="True" result="Success" executed="True" />
            </results>
          </test-suite>
        </results>
      </test-suite>
      <test-suite type="TestFixture" name="/home/ben/vsCode/project-workload-identity/tests/Unit/ModuleLoad.Tests.ps1" executed="True" result="Success" success="True" time="0.0345" asserts="0" description="/home/ben/vsCode/project-workload-identity/tests/Unit/ModuleLoad.Tests.ps1">
        <results>
          <test-suite type="TestFixture" name="Module Load" executed="True" result="Success" success="True" time="0.0166" asserts="0" description="Module Load">
            <results>
              <test-case description="Exports expected functions" name="Module Load.Exports expected functions" time="0.0149" asserts="0" success="True" result="Success" executed="True" />
            </results>
          </test-suite>
        </results>
      </test-suite>
      <test-suite type="TestFixture" name="/home/ben/vsCode/project-workload-identity/tests/Unit/TriageReport.Tests.ps1" executed="True" result="Success" success="True" time="0.1397" asserts="0" description="/home/ben/vsCode/project-workload-identity/tests/Unit/TriageReport.Tests.ps1">
        <results>
          <test-suite type="TestFixture" name="Risky Service Principal Triage Report" executed="True" result="Success" success="True" time="0.1206" asserts="0" description="Risky Service Principal Triage Report">
            <results>
              <test-case description="Has expected top-level properties" name="Risky Service Principal Triage Report.Has expected top-level properties" time="0.1191" asserts="0" success="True" result="Success" executed="True" />
            </results>
          </test-suite>
        </results>
      </test-suite>
    </results>
  </test-suite>
</test-results>