<?xml version="1.0" encoding="utf-8" standalone="no"?>
<test-results xmlns:xsi="http://www.w3.org/2001/XMLSchema-instance" xsi:noNamespaceSchemaLocation="nunit_schema_2.5.xsd" name="Pester" total="40" errors="0" failures="0" not-run="0" inconclusive="0" ignored="0" skipped="0" invalid="0" date="2025-11-25" time="07:42:00">
  <environment user="ben" clr-version="9.0.10" machine-name="rig" nunit-version="2.5.8.0" platform="Linux" cwd="/home/ben/vsCode/project-functionapp-roles" user-domain="" os-version="6.17.7-3-cachyos" />
  <culture-info current-culture="en-GB" current-uiculture="en-GB" />
  <test-suite type="TestFixture" name="Pester" executed="True" result="Success" success="True" time="0.9127" asserts="0" description="Pester">
    <results>
      <test-suite type="TestFixture" name="/home/ben/vsCode/project-functionapp-roles/tests/Unit/PasswordResetHelpers.Tests.ps1" executed="True" result="Success" success="True" time="0.9127" asserts="0" description="/home/ben/vsCode/project-functionapp-roles/tests/Unit/PasswordResetHelpers.Tests.ps1">
        <results>
          <test-suite type="TestFixture" name="PasswordResetHelpers Module" executed="True" result="Success" success="True" time="0.6167" asserts="0" description="PasswordResetHelpers Module">
            <results>
              <test-suite type="TestFixture" name="PasswordResetHelpers Module.Module Load" executed="True" result="Success" success="True" time="0.0987" asserts="0" description="PasswordResetHelpers Module.Module Load">
                <results>
                  <test-case description="Should load the module successfully" name="PasswordResetHelpers Module.Module Load.Should load the module successfully" time="0.0503" asserts="0" success="True" result="Success" executed="True" />
                  <test-case description="Should export Get-ClientPrincipal function" name="PasswordResetHelpers Module.Module Load.Should export Get-ClientPrincipal function" time="0.0095" asserts="0" success="True" result="Success" executed="True" />
                  <test-case description="Should export Test-RoleClaim function" name="PasswordResetHelpers Module.Module Load.Should export Test-RoleClaim function" time="0.0076" asserts="0" success="True" result="Success" executed="True" />
                  <test-case description="Should export New-SecurePassword function" name="PasswordResetHelpers Module.Module Load.Should export New-SecurePassword function" time="0.0077" asserts="0" success="True" result="Success" executed="True" />
                  <test-case description="Should export Set-ADUserPassword function" name="PasswordResetHelpers Module.Module Load.Should export Set-ADUserPassword function" time="0.0098" asserts="0" success="True" result="Success" executed="True" />
                </results>
              </test-suite>
              <test-suite type="TestFixture" name="PasswordResetHelpers Module.Get-ClientPrincipal" executed="True" result="Success" success="True" time="0.1882" asserts="0" description="PasswordResetHelpers Module.Get-ClientPrincipal">
                <results>
                  <test-case description="Should throw on null header" name="PasswordResetHelpers Module.Get-ClientPrincipal.Should throw on null header" time="0.0185" asserts="0" success="True" result="Success" executed="True" />
                  <test-case description="Should throw on empty header" name="PasswordResetHelpers Module.Get-ClientPrincipal.Should throw on empty header" time="0.0038" asserts="0" success="True" result="Success" executed="True" />
                  <test-case description="Should throw on invalid base64" name="PasswordResetHelpers Module.Get-ClientPrincipal.Should throw on invalid base64" time="0.0072" asserts="0" success="True" result="Success" executed="True" />
                  <test-case description="Should decode valid client principal header" name="PasswordResetHelpers Module.Get-ClientPrincipal.Should decode valid client principal header" time="0.0175" asserts="0" success="True" result="Success" executed="True" />
                  <test-case description="Should return principal with claims array" name="PasswordResetHelpers Module.Get-ClientPrincipal.Should return principal with claims array" time="0.0077" asserts="0" success="True" result="Success" executed="True" />
                  <test-case description="Should handle principal with multiple claims" name="PasswordResetHelpers Module.Get-ClientPrincipal.Should handle principal with multiple claims" time="0.005" asserts="0" success="True" result="Success" executed="True" />
                </results>
              </test-suite>
              <test-suite type="TestFixture" name="PasswordResetHelpers Module.Test-RoleClaim" executed="True" result="Success" success="True" time="0.2308" asserts="0" description="PasswordResetHelpers Module.Test-RoleClaim">
                <results>
                  <test-case description="Should throw on null principal" name="PasswordResetHelpers Module.Test-RoleClaim.Should throw on null principal" time="0.0124" asserts="0" success="True" result="Success" executed="True" />
                  <test-case description="Should return true when required role exists" name="PasswordResetHelpers Module.Test-RoleClaim.Should return true when required role exists" time="0.01" asserts="0" success="True" result="Success" executed="True" />
                  <test-case description="Should return false when required role does not exist" name="PasswordResetHelpers Module.Test-RoleClaim.Should return false when required role does not exist" time="0.0032" asserts="0" success="True" result="Success" executed="True" />
                  <test-case description="Should return false when no roles exist" name="PasswordResetHelpers Module.Test-RoleClaim.Should return false when no roles exist" time="0.003" asserts="0" success="True" result="Success" executed="True" />
                  <test-case description="Should return false when no claims exist" name="PasswordResetHelpers Module.Test-RoleClaim.Should return false when no claims exist" time="0.0032" asserts="0" success="True" result="Success" executed="True" />
                  <test-case description="Should be case-sensitive for role matching" name="PasswordResetHelpers Module.Test-RoleClaim.Should be case-sensitive for role matching" time="0.003" asserts="0" success="True" result="Success" executed="True" />
                  <test-case description="Should handle role claim type" name="PasswordResetHelpers Module.Test-RoleClaim.Should handle role claim type" time="0.0031" asserts="0" success="True" result="Success" executed="True" />
                </results>
              </test-suite>
              <test-suite type="TestFixture" name="PasswordResetHelpers Module.New-SecurePassword" executed="True" result="Success" success="True" time="0.3599" asserts="0" description="PasswordResetHelpers Module.New-SecurePassword">
                <results>
                  <test-case description="Should generate a password of default length" name="PasswordResetHelpers Module.New-SecurePassword.Should generate a password of default length" time="0.0189" asserts="0" success="True" result="Success" executed="True" />
                  <test-case description="Should generate a password of specified length" name="PasswordResetHelpers Module.New-SecurePassword.Should generate a password of specified length" time="0.0051" asserts="0" success="True" result="Success" executed="True" />
                  <test-case description="Should generate password with minimum length" name="PasswordResetHelpers Module.New-SecurePassword.Should generate password with minimum length" time="0.0216" asserts="0" success="True" result="Success" executed="True" />
                  <test-case description="Should throw for length below minimum" name="PasswordResetHelpers Module.New-SecurePassword.Should throw for length below minimum" time="0.0061" asserts="0" success="True" result="Success" executed="True" />
                  <test-case description="Should throw for length above maximum" name="PasswordResetHelpers Module.New-SecurePassword.Should throw for length above maximum" time="0.0089" asserts="0" success="True" result="Success" executed="True" />
                  <test-case description="Should contain at least one lowercase character" name="PasswordResetHelpers Module.New-SecurePassword.Should contain at least one lowercase character" time="0.0045" asserts="0" success="True" result="Success" executed="True" />
                  <test-case description="Should contain at least one uppercase character" name="PasswordResetHelpers Module.New-SecurePassword.Should contain at least one uppercase character" time="0.0055" asserts="0" success="True" result="Success" executed="True" />
                  <test-case description="Should contain at least one number" name="PasswordResetHelpers Module.New-SecurePassword.Should contain at least one number" time="0.0039" asserts="0" success="True" result="Success" executed="True" />
                  <test-case description="Should contain at least one special character" name="PasswordResetHelpers Module.New-SecurePassword.Should contain at least one special character" time="0.0037" asserts="0" success="True" result="Success" executed="True" />
                  <test-case description="Should generate unique passwords" name="PasswordResetHelpers Module.New-SecurePassword.Should generate unique passwords" time="0.0058" asserts="0" success="True" result="Success" executed="True" />
                  <test-case description="Should generate passwords consistently meeting complexity requirements" name="PasswordResetHelpers Module.New-SecurePassword.Should generate passwords consistently meeting complexity requirements" time="0.0422" asserts="0" success="True" result="Success" executed="True" />
                </results>
              </test-suite>
              <test-suite type="TestFixture" name="PasswordResetHelpers Module.Set-ADUserPassword" executed="True" result="Success" success="True" time="0.6108" asserts="0" description="PasswordResetHelpers Module.Set-ADUserPassword">
                <results>
                  <test-case description="Should throw on null SamAccountName" name="PasswordResetHelpers Module.Set-ADUserPassword.Should throw on null SamAccountName" time="0.0178" asserts="0" success="True" result="Success" executed="True" />
                  <test-case description="Should throw on empty SamAccountName" name="PasswordResetHelpers Module.Set-ADUserPassword.Should throw on empty SamAccountName" time="0.0033" asserts="0" success="True" result="Success" executed="True" />
                  <test-case description="Should throw on null Password" name="PasswordResetHelpers Module.Set-ADUserPassword.Should throw on null Password" time="0.0033" asserts="0" success="True" result="Success" executed="True" />
                  <test-case description="Should throw on empty Password" name="PasswordResetHelpers Module.Set-ADUserPassword.Should throw on empty Password" time="0.0046" asserts="0" success="True" result="Success" executed="True" />
                  <test-case description="Should call Set-ADAccountPassword with correct parameters" name="PasswordResetHelpers Module.Set-ADUserPassword.Should call Set-ADAccountPassword with correct parameters" time="0.0825" asserts="0" success="True" result="Success" executed="True" />
                  <test-case description="Should call Set-ADUser for password change requirement" name="PasswordResetHelpers Module.Set-ADUserPassword.Should call Set-ADUser for password change requirement" time="0.0123" asserts="0" success="True" result="Success" executed="True" />
                  <test-case description="Should support ChangePasswordAtLogon parameter" name="PasswordResetHelpers Module.Set-ADUserPassword.Should support ChangePasswordAtLogon parameter" time="0.0098" asserts="0" success="True" result="Success" executed="True" />
                  <test-case description="Should throw when Set-ADAccountPassword fails" name="PasswordResetHelpers Module.Set-ADUserPassword.Should throw when Set-ADAccountPassword fails" time="0.02" asserts="0" success="True" result="Success" executed="True" />
                  <test-case description="Should accept pipeline input for SamAccountName" name="PasswordResetHelpers Module.Set-ADUserPassword.Should accept pipeline input for SamAccountName" time="0.0058" asserts="0" success="True" result="Success" executed="True" />
                  <test-case description="Should support -WhatIf" name="PasswordResetHelpers Module.Set-ADUserPassword.Should support -WhatIf" time="0.0039" asserts="0" success="True" result="Success" executed="True" />
                </results>
              </test-suite>
            </results>
          </test-suite>
          <test-suite type="TestFixture" name="PasswordResetHelpers Module Integration Tests" executed="True" result="Success" success="True" time="0.6292" asserts="0" description="PasswordResetHelpers Module Integration Tests">
            <results>
              <test-suite type="TestFixture" name="PasswordResetHelpers Module Integration Tests.End-to-End Password Generation and Validation" executed="True" result="Success" success="True" time="0.0094" asserts="0" description="PasswordResetHelpers Module Integration Tests.End-to-End Password Generation and Validation">
                <results>
                  <test-case description="Should generate password that meets all requirements" name="PasswordResetHelpers Module Integration Tests.End-to-End Password Generation and Validation.Should generate password that meets all requirements" time="0.0072" asserts="0" success="True" result="Success" executed="True" />
                </results>
              </test-suite>
            </results>
          </test-suite>
        </results>
      </test-suite>
    </results>
  </test-suite>
</test-results>